<?xml version="1.0" encoding="UTF-8"?>
<!-- Generated by org.testng.reporters.JUnitReportReporter -->
<testsuite hostname="DESKTOP-TP6DM8S" failures="0" tests="3" name="qa.test.ContactPageTest" time="72.028" errors="0" timestamp="23 Feb 2021 09:27:00 GMT" skipped="0">
  <testcase classname="qa.test.ContactPageTest" name="addinguser" time="25.067"/>
  <testcase classname="qa.test.ContactPageTest" name="addinguser" time="25.583"/>
  <testcase classname="qa.test.ContactPageTest" name="addinguser" time="21.378"/>
</testsuite> <!-- qa.test.ContactPageTest -->
