<?xml version="1.0" encoding="UTF-8"?>
<!-- Generated by org.testng.reporters.JUnitReportReporter -->
<testsuite hostname="DESKTOP-TP6DM8S" failures="0" tests="2" name="qa.test.LoginPageTest" time="37.454" errors="0" timestamp="23 Feb 2021 10:37:05 GMT" skipped="0">
  <testcase classname="qa.test.LoginPageTest" name="logintest" time="22.355"/>
  <testcase classname="qa.test.LoginPageTest" name="titletest" time="15.099"/>
</testsuite> <!-- qa.test.LoginPageTest -->
