<?xml version="1.0" encoding="UTF-8"?>
<!-- Generated by org.testng.reporters.JUnitReportReporter -->
<testsuite hostname="DESKTOP-TP6DM8S" failures="0" tests="2" name="qa.test.HomePageTest" time="35.194" errors="0" timestamp="23 Feb 2021 10:37:05 GMT" skipped="0">
  <testcase classname="qa.test.HomePageTest" name="calanderlinktest" time="14.847"/>
  <testcase classname="qa.test.HomePageTest" name="userhometest" time="20.347"/>
</testsuite> <!-- qa.test.HomePageTest -->
