<?xml version="1.0" encoding="UTF-8"?>
<!-- Generated by org.testng.reporters.JUnitReportReporter -->
<testsuite hostname="DESKTOP-TP6DM8S" failures="0" tests="2" name="qa.test.HomePageTest" time="42.388" errors="0" timestamp="23 Feb 2021 14:06:35 GMT" skipped="0">
  <testcase classname="qa.test.HomePageTest" name="calanderlinktest" time="18.752"/>
  <testcase classname="qa.test.HomePageTest" name="userhometest" time="23.636"/>
</testsuite> <!-- qa.test.HomePageTest -->
