<?xml version="1.0" encoding="UTF-8"?>
<!-- Generated by org.testng.reporters.JUnitReportReporter -->
<testsuite hostname="DESKTOP-TP6DM8S" failures="0" tests="3" name="qa.test.ContactPageTest" time="89.126" errors="0" timestamp="23 Feb 2021 14:06:35 GMT" skipped="0">
  <testcase classname="qa.test.ContactPageTest" name="addinguser" time="25.403"/>
  <testcase classname="qa.test.ContactPageTest" name="addinguser" time="27.789"/>
  <testcase classname="qa.test.ContactPageTest" name="addinguser" time="35.934"/>
</testsuite> <!-- qa.test.ContactPageTest -->
