<?xml version="1.0" encoding="UTF-8"?>
<!-- Generated by org.testng.reporters.JUnitReportReporter -->
<testsuite hostname="DESKTOP-TP6DM8S" failures="0" tests="2" name="qa.test.LoginPageTest" time="32.656" errors="0" timestamp="23 Feb 2021 14:06:35 GMT" skipped="0">
  <testcase classname="qa.test.LoginPageTest" name="logintest" time="15.199"/>
  <testcase classname="qa.test.LoginPageTest" name="titletest" time="17.457"/>
</testsuite> <!-- qa.test.LoginPageTest -->
